2026-04-18 02:06:53,352 | INFO | device=cuda seed=42 model_mode=fusion
2026-04-18 02:06:55,050 | INFO | epoch=1 train_loss=3.681107 val_mse=3.428914 val_rmse=1.851733 val_mae=1.576101 val_mape=3980721722.344896 val_r2=-0.046681
2026-04-18 02:06:55,749 | INFO | epoch=2 train_loss=3.208855 val_mse=3.091626 val_rmse=1.758302 val_mae=1.524225 val_mape=3165873277.680961 val_r2=0.056276
2026-04-18 02:06:56,664 | INFO | epoch=3 train_loss=3.313305 val_mse=2.830496 val_rmse=1.682408 val_mae=1.414082 val_mape=2468721436.164814 val_r2=0.135987
2026-04-18 02:06:57,589 | INFO | epoch=4 train_loss=2.996640 val_mse=2.588641 val_rmse=1.608926 val_mae=1.361333 val_mape=2779634549.063527 val_r2=0.209813
2026-04-18 02:06:58,490 | INFO | epoch=5 train_loss=2.583236 val_mse=3.831326 val_rmse=1.957377 val_mae=1.506933 val_mape=1342418524.620327 val_r2=-0.169519
2026-04-18 02:06:59,382 | INFO | epoch=6 train_loss=2.600080 val_mse=2.779358 val_rmse=1.667141 val_mae=1.387298 val_mape=2694519642.713481 val_r2=0.151596
2026-04-18 02:07:00,118 | INFO | epoch=7 train_loss=2.668189 val_mse=2.930819 val_rmse=1.711963 val_mae=1.389302 val_mape=2590181187.802114 val_r2=0.105363
2026-04-18 02:07:01,021 | INFO | epoch=8 train_loss=2.750152 val_mse=2.549045 val_rmse=1.596573 val_mae=1.322488 val_mape=2563264780.630046 val_r2=0.221900
2026-04-18 02:07:01,928 | INFO | epoch=9 train_loss=2.465938 val_mse=3.066997 val_rmse=1.751284 val_mae=1.453017 val_mape=3382882982.442819 val_r2=0.063794
2026-04-18 02:07:02,838 | INFO | epoch=10 train_loss=2.416763 val_mse=2.388826 val_rmse=1.545583 val_mae=1.277258 val_mape=2216228773.164939 val_r2=0.270807
2026-04-18 02:07:03,728 | INFO | epoch=11 train_loss=2.535838 val_mse=2.407552 val_rmse=1.551629 val_mae=1.287168 val_mape=2682041146.672059 val_r2=0.265091
2026-04-18 02:07:04,450 | INFO | epoch=12 train_loss=2.301711 val_mse=2.228032 val_rmse=1.492659 val_mae=1.160576 val_mape=1674569471.659787 val_r2=0.319890
2026-04-18 02:07:05,367 | INFO | epoch=13 train_loss=2.147118 val_mse=3.346707 val_rmse=1.829401 val_mae=1.446223 val_mape=3628849038.484918 val_r2=-0.021588
2026-04-18 02:07:06,268 | INFO | epoch=14 train_loss=2.393973 val_mse=2.370688 val_rmse=1.539704 val_mae=1.249228 val_mape=2313999868.918408 val_r2=0.276344
2026-04-18 02:07:07,181 | INFO | epoch=15 train_loss=2.080913 val_mse=2.480389 val_rmse=1.574925 val_mae=1.217705 val_mape=1893441107.055857 val_r2=0.242857
2026-04-18 02:07:08,098 | INFO | epoch=16 train_loss=2.086958 val_mse=2.531293 val_rmse=1.591004 val_mae=1.305289 val_mape=2092889179.036568 val_r2=0.227319
2026-04-18 02:07:08,760 | INFO | epoch=17 train_loss=2.122644 val_mse=2.903297 val_rmse=1.703906 val_mae=1.363854 val_mape=2422078682.300752 val_r2=0.113764
2026-04-18 02:07:09,624 | INFO | epoch=18 train_loss=2.274482 val_mse=2.815652 val_rmse=1.677990 val_mae=1.323168 val_mape=2123933410.450783 val_r2=0.140518
2026-04-18 02:07:10,535 | INFO | epoch=19 train_loss=1.827556 val_mse=2.258358 val_rmse=1.502784 val_mae=1.208586 val_mape=2020921999.671970 val_r2=0.310632
2026-04-18 02:07:11,451 | INFO | epoch=20 train_loss=1.840254 val_mse=2.712751 val_rmse=1.647043 val_mae=1.245816 val_mape=1548226100.645958 val_r2=0.171928
2026-04-18 02:07:12,364 | INFO | epoch=21 train_loss=2.014142 val_mse=2.607828 val_rmse=1.614877 val_mae=1.339328 val_mape=2404800172.263139 val_r2=0.203956
2026-04-18 02:07:13,279 | INFO | epoch=22 train_loss=1.853018 val_mse=2.123409 val_rmse=1.457192 val_mae=1.198397 val_mape=2115808516.392197 val_r2=0.351826
2026-04-18 02:07:14,032 | INFO | epoch=23 train_loss=1.672311 val_mse=2.427012 val_rmse=1.557887 val_mae=1.265628 val_mape=2060388239.647277 val_r2=0.259151
2026-04-18 02:07:14,928 | INFO | epoch=24 train_loss=1.875045 val_mse=2.417886 val_rmse=1.554955 val_mae=1.302099 val_mape=2326476530.541489 val_r2=0.261936
2026-04-18 02:07:15,837 | INFO | epoch=25 train_loss=1.866500 val_mse=2.563179 val_rmse=1.600993 val_mae=1.351112 val_mape=2574641249.168057 val_r2=0.217586
2026-04-18 02:07:16,745 | INFO | epoch=26 train_loss=1.590384 val_mse=3.054122 val_rmse=1.747605 val_mae=1.398921 val_mape=1719822158.568538 val_r2=0.067724
2026-04-18 02:07:17,655 | INFO | epoch=27 train_loss=1.690109 val_mse=2.610547 val_rmse=1.615719 val_mae=1.291571 val_mape=2093452806.164267 val_r2=0.203126
2026-04-18 02:07:18,228 | INFO | epoch=28 train_loss=1.605656 val_mse=2.268791 val_rmse=1.506251 val_mae=1.205941 val_mape=2058270894.341839 val_r2=0.307448
2026-04-18 02:07:19,126 | INFO | epoch=29 train_loss=1.754481 val_mse=2.465497 val_rmse=1.570190 val_mae=1.319564 val_mape=2532117501.567708 val_r2=0.247403
2026-04-18 02:07:20,039 | INFO | epoch=30 train_loss=1.567021 val_mse=2.582621 val_rmse=1.607054 val_mae=1.272702 val_mape=1345766915.168157 val_r2=0.211651
2026-04-18 02:07:20,947 | INFO | epoch=31 train_loss=1.808177 val_mse=2.268772 val_rmse=1.506244 val_mae=1.188621 val_mape=2034116158.274097 val_r2=0.307454
2026-04-18 02:07:21,852 | INFO | epoch=32 train_loss=1.692761 val_mse=2.847896 val_rmse=1.687571 val_mae=1.367550 val_mape=2016541548.231708 val_r2=0.130675
2026-04-18 02:07:22,469 | INFO | epoch=33 train_loss=1.748061 val_mse=2.346403 val_rmse=1.531797 val_mae=1.161356 val_mape=1401671119.062831 val_r2=0.283757
2026-04-18 02:07:23,210 | INFO | epoch=34 train_loss=1.799849 val_mse=2.746791 val_rmse=1.657345 val_mae=1.277318 val_mape=1349415622.226720 val_r2=0.161537
2026-04-18 02:07:24,124 | INFO | epoch=35 train_loss=1.698661 val_mse=2.742004 val_rmse=1.655900 val_mae=1.294541 val_mape=2001797075.641793 val_r2=0.162999
2026-04-18 02:07:25,026 | INFO | epoch=36 train_loss=1.634608 val_mse=2.535718 val_rmse=1.592394 val_mae=1.251095 val_mape=1786875007.816138 val_r2=0.225968
2026-04-18 02:07:25,922 | INFO | epoch=37 train_loss=1.586973 val_mse=2.683961 val_rmse=1.638280 val_mae=1.309778 val_mape=1280025108.713048 val_r2=0.180717
2026-04-18 02:07:26,833 | INFO | epoch=38 train_loss=1.681902 val_mse=2.093125 val_rmse=1.446764 val_mae=1.091359 val_mape=1253315291.900972 val_r2=0.361070
2026-04-18 02:07:27,582 | INFO | epoch=39 train_loss=1.482627 val_mse=2.349194 val_rmse=1.532708 val_mae=1.214264 val_mape=1519467516.723094 val_r2=0.282905
2026-04-18 02:07:28,487 | INFO | epoch=40 train_loss=1.415644 val_mse=2.413049 val_rmse=1.553399 val_mae=1.266061 val_mape=1947689754.255276 val_r2=0.263413
2026-04-18 02:07:29,388 | INFO | epoch=41 train_loss=1.216405 val_mse=1.938650 val_rmse=1.392354 val_mae=1.086058 val_mape=1492494822.492672 val_r2=0.408224
2026-04-18 02:07:30,303 | INFO | epoch=42 train_loss=1.225303 val_mse=2.586027 val_rmse=1.608113 val_mae=1.297299 val_mape=1986470671.385007 val_r2=0.210611
2026-04-18 02:07:31,206 | INFO | epoch=43 train_loss=1.305295 val_mse=2.322414 val_rmse=1.523947 val_mae=1.200275 val_mape=1798326252.100739 val_r2=0.291079
2026-04-18 02:07:31,969 | INFO | epoch=44 train_loss=1.361453 val_mse=3.321502 val_rmse=1.822499 val_mae=1.456245 val_mape=1555934882.191147 val_r2=-0.013894
2026-04-18 02:07:32,880 | INFO | epoch=45 train_loss=1.446645 val_mse=2.270346 val_rmse=1.506767 val_mae=1.186825 val_mape=1562392322.461656 val_r2=0.306973
2026-04-18 02:07:33,784 | INFO | epoch=46 train_loss=1.239821 val_mse=2.438562 val_rmse=1.561590 val_mae=1.231386 val_mape=1347974577.674387 val_r2=0.255625
2026-04-18 02:07:34,697 | INFO | epoch=47 train_loss=1.113596 val_mse=2.013056 val_rmse=1.418822 val_mae=1.108067 val_mape=1602664686.426289 val_r2=0.385511
2026-04-18 02:07:35,603 | INFO | epoch=48 train_loss=1.207932 val_mse=2.726310 val_rmse=1.651154 val_mae=1.301081 val_mape=1935242063.825696 val_r2=0.167789
2026-04-18 02:07:36,327 | INFO | epoch=49 train_loss=1.203955 val_mse=2.681239 val_rmse=1.637449 val_mae=1.273690 val_mape=1671021407.314918 val_r2=0.181547
2026-04-18 02:07:37,239 | INFO | epoch=50 train_loss=1.427541 val_mse=2.570702 val_rmse=1.603341 val_mae=1.332512 val_mape=2773543047.368991 val_r2=0.215289
2026-04-18 02:07:38,143 | INFO | epoch=51 train_loss=1.485150 val_mse=2.231911 val_rmse=1.493958 val_mae=1.138021 val_mape=1451646971.813270 val_r2=0.318706
2026-04-18 02:07:39,040 | INFO | epoch=52 train_loss=1.204732 val_mse=2.996590 val_rmse=1.731066 val_mae=1.342352 val_mape=1355160026.013528 val_r2=0.085286
2026-04-18 02:07:39,949 | INFO | epoch=53 train_loss=1.372409 val_mse=2.332034 val_rmse=1.527100 val_mae=1.204780 val_mape=1910688936.927628 val_r2=0.288143
2026-04-18 02:07:40,718 | INFO | epoch=54 train_loss=1.095794 val_mse=2.007159 val_rmse=1.416742 val_mae=1.122566 val_mape=1466338905.490686 val_r2=0.387312
2026-04-18 02:07:41,472 | INFO | epoch=55 train_loss=1.068056 val_mse=2.814687 val_rmse=1.677703 val_mae=1.306963 val_mape=1703155975.408560 val_r2=0.140812
2026-04-18 02:07:42,385 | INFO | epoch=56 train_loss=1.072903 val_mse=2.274080 val_rmse=1.508005 val_mae=1.172048 val_mape=1537791701.565157 val_r2=0.305833
2026-04-18 02:07:43,298 | INFO | epoch=57 train_loss=0.961753 val_mse=2.629350 val_rmse=1.621527 val_mae=1.288574 val_mape=1565866690.440987 val_r2=0.197387
2026-04-18 02:07:44,206 | INFO | epoch=58 train_loss=0.912494 val_mse=2.372969 val_rmse=1.540444 val_mae=1.205654 val_mape=1759364918.225633 val_r2=0.275647
2026-04-18 02:07:45,113 | INFO | epoch=59 train_loss=0.977117 val_mse=2.924986 val_rmse=1.710259 val_mae=1.317925 val_mape=1280098136.866914 val_r2=0.107143
2026-04-18 02:07:45,824 | INFO | epoch=60 train_loss=1.014560 val_mse=2.791669 val_rmse=1.670829 val_mae=1.282251 val_mape=1863298137.171162 val_r2=0.147839
2026-04-18 02:07:46,726 | INFO | epoch=61 train_loss=0.902729 val_mse=2.483986 val_rmse=1.576067 val_mae=1.228755 val_mape=1525668199.539072 val_r2=0.241759
2026-04-18 02:07:47,637 | INFO | epoch=62 train_loss=0.949936 val_mse=2.757343 val_rmse=1.660525 val_mae=1.306001 val_mape=1983178911.546499 val_r2=0.158317
2026-04-18 02:07:48,540 | INFO | epoch=63 train_loss=0.967212 val_mse=2.342835 val_rmse=1.530632 val_mae=1.213831 val_mape=2070064762.966688 val_r2=0.284846
2026-04-18 02:07:49,453 | INFO | epoch=64 train_loss=1.056603 val_mse=3.159529 val_rmse=1.777507 val_mae=1.380314 val_mape=2156704237.870336 val_r2=0.035548
2026-04-18 02:07:50,088 | INFO | epoch=65 train_loss=0.869711 val_mse=2.666977 val_rmse=1.633088 val_mae=1.325715 val_mape=1729935082.786857 val_r2=0.185901
2026-04-18 02:07:50,996 | INFO | epoch=66 train_loss=0.912749 val_mse=2.498082 val_rmse=1.580532 val_mae=1.263262 val_mape=1527727967.975824 val_r2=0.237456
2026-04-18 02:07:51,909 | INFO | epoch=67 train_loss=0.778562 val_mse=2.643729 val_rmse=1.625955 val_mae=1.272704 val_mape=1619573667.975316 val_r2=0.192997
2026-04-18 02:07:52,817 | INFO | epoch=68 train_loss=0.891006 val_mse=2.539031 val_rmse=1.593434 val_mae=1.246764 val_mape=1702615064.901490 val_r2=0.224957
2026-04-18 02:07:53,725 | INFO | epoch=69 train_loss=0.776187 val_mse=2.732539 val_rmse=1.653039 val_mae=1.279952 val_mape=1406211254.039870 val_r2=0.165888
2026-04-18 02:07:54,426 | INFO | epoch=70 train_loss=0.691248 val_mse=2.350133 val_rmse=1.533014 val_mae=1.220106 val_mape=1199438634.009755 val_r2=0.282618
2026-04-18 02:07:55,132 | INFO | epoch=71 train_loss=0.655674 val_mse=2.660328 val_rmse=1.631051 val_mae=1.273452 val_mape=1510578276.385667 val_r2=0.187930
2026-04-18 02:07:55,132 | INFO | Early stopping triggered at epoch=71
2026-04-18 02:07:55,473 | INFO | Saved checkpoint=/mnt/disk1/hieupc/4gpus-Stroke-outcome-prediction-code/code/baseline_encoder/LC-VIT/experiment/artifacts/runs/gs_rankin_6isdeath_fusion/checkpoints/best.ckpt
2026-04-18 02:07:55,473 | INFO | Saved val metrics=/mnt/disk1/hieupc/4gpus-Stroke-outcome-prediction-code/code/baseline_encoder/LC-VIT/experiment/artifacts/runs/gs_rankin_6isdeath_fusion/metrics/val_metrics.json
2026-04-18 02:07:55,473 | INFO | Saved test metrics=/mnt/disk1/hieupc/4gpus-Stroke-outcome-prediction-code/code/baseline_encoder/LC-VIT/experiment/artifacts/runs/gs_rankin_6isdeath_fusion/metrics/test_metrics.json
